<?xml version="1.0" encoding="UTF-8"?>
<!-- Generated by org.testng.reporters.JUnitXMLReporter -->
<testsuite ignored="0" hostname="DESKTOP-HD0B0VP" failures="0" tests="3" name="Test-Runner2" time="53.1" errors="0" timestamp="2021-08-25T00:52:22 IST">
  <testcase classname="com.vtiger.comcast.createContact.CreateContactTest" name="CreateCont" time="0.002"/>
  <testcase classname="com.vtiger.comcast.createContact.CreateContactTest" name="CreateContWithAddress" time="0.002"/>
  <testcase classname="com.vtiger.comcast.createContact.CreateContactTest" name="CreateContWithOrg" time="0.002"/>
</testsuite> <!-- Test-Runner2 -->
