<?xml version="1.0" encoding="UTF-8"?>
<!-- Generated by org.testng.reporters.JUnitXMLReporter -->
<testsuite ignored="0" hostname="DESKTOP-HD0B0VP" failures="0" tests="3" name="Test-Runner1" time="107.722" errors="0" timestamp="2021-08-25T00:53:16 IST">
  <testcase classname="com.vtiger.comcast.opportunityTest.CreateOpportunityScenarioTest" name="CreateOppSalesStageQualTest" time="25.624"/>
  <testcase classname="com.vtiger.comcast.opportunityTest.CreateOpportunityScenarioTest" name="createNewOppSalesStageAnalysisTest" time="19.018"/>
  <testcase classname="com.vtiger.comcast.opportunityTest.CreateOpportunityScenarioTest" name="createOpportunityTest" time="26.341"/>
</testsuite> <!-- Test-Runner1 -->
