<?xml version="1.0" encoding="UTF-8"?>
<!-- Generated by org.testng.reporters.JUnitReportReporter -->
<testsuite hostname="DESKTOP-HD0B0VP" failures="0" tests="1" name="pac1.ChecktestngTest" time="0.023" errors="0" timestamp="2021-08-19T17:54:57 IST" skipped="0">
  <testcase classname="pac1.ChecktestngTest" name="printstmt" time="0.023"/>
  <system-out/>
</testsuite> <!-- pac1.ChecktestngTest -->
