<?xml version="1.0" encoding="UTF-8"?>
<!-- Generated by org.testng.reporters.JUnitReportReporter -->
<testsuite hostname="DESKTOP-HD0B0VP" failures="0" tests="3" name="com.vtiger.comcast.createContact.CreateContactTest" time="45.045" errors="0" timestamp="2021-08-25T00:53:16 IST" skipped="0">
  <testcase classname="com.vtiger.comcast.createContact.CreateContactTest" name="CreateCont" time="12.777"/>
  <system-out/>
  <testcase classname="com.vtiger.comcast.createContact.CreateContactTest" name="CreateContWithOrg" time="18.868"/>
  <system-out/>
  <testcase classname="com.vtiger.comcast.createContact.CreateContactTest" name="CreateContWithAddress" time="13.400"/>
  <system-out/>
</testsuite> <!-- com.vtiger.comcast.createContact.CreateContactTest -->
