<?xml version="1.0" encoding="UTF-8"?>
<!-- Generated by org.testng.reporters.JUnitReportReporter -->
<testsuite hostname="DESKTOP-HD0B0VP" failures="0" tests="1" name="com.vtiger.comcast.opportunityTest.TC_15_createOpportunity" time="53.979" errors="0" timestamp="2021-08-23T00:26:21 IST" skipped="0">
  <testcase classname="com.vtiger.comcast.opportunityTest.TC_15_createOpportunity" name="CreateOppSalesstageAnalysis" time="53.979"/>
  <system-out/>
</testsuite> <!-- com.vtiger.comcast.opportunityTest.TC_15_createOpportunity -->
