<?xml version="1.0" encoding="UTF-8"?>
<!-- Generated by org.testng.reporters.JUnitReportReporter -->
<testsuite hostname="DESKTOP-HD0B0VP" failures="0" tests="2" name="pac1.ExtentReportTest" time="55.552" errors="0" timestamp="2021-08-25T14:28:05 IST" skipped="0">
  <testcase classname="pac1.ExtentReportTest" name="extentReportHomepageTitle" time="18.705"/>
  <system-out/>
  <testcase classname="pac1.ExtentReportTest" name="extentReportOrgnPageTitle" time="36.847"/>
  <system-out/>
</testsuite> <!-- pac1.ExtentReportTest -->
