<?xml version="1.0" encoding="UTF-8"?>
<!-- Generated by org.testng.reporters.JUnitReportReporter -->
<testsuite hostname="DESKTOP-HD0B0VP" failures="0" tests="1" name="com.vtiger.comcast.opportunityTest.TC_14_createOpportunity" time="95.533" errors="0" timestamp="2021-08-23T00:06:55 IST" skipped="0">
  <testcase classname="com.vtiger.comcast.opportunityTest.TC_14_createOpportunity" name="CreateOppSalesstage" time="95.533"/>
  <system-out/>
</testsuite> <!-- com.vtiger.comcast.opportunityTest.TC_14_createOpportunity -->
