<?xml version="1.0" encoding="UTF-8"?>
<!-- Generated by org.testng.reporters.JUnitReportReporter -->
<testsuite hostname="DESKTOP-HD0B0VP" failures="0" tests="1" name="com.vtiger.comcast.opportunityTest.TC_10_createOpportunity" time="38.703" errors="0" timestamp="2021-08-22T21:13:43 IST" skipped="0">
  <testcase classname="com.vtiger.comcast.opportunityTest.TC_10_createOpportunity" name="createOpportunity" time="38.703"/>
  <system-out/>
</testsuite> <!-- com.vtiger.comcast.opportunityTest.TC_10_createOpportunity -->
